<?xml version="1.0" encoding="UTF-8"?>
<testng-results skipped="0" failed="0" total="1" passed="1">
  <reporter-output>
  </reporter-output>
  <suite name="Default suite" duration-ms="4996" started-at="2023-07-28T08:28:07Z" finished-at="2023-07-28T08:28:12Z">
    <groups>
    </groups>
    <test name="Default test" duration-ms="4996" started-at="2023-07-28T08:28:07Z" finished-at="2023-07-28T08:28:12Z">
      <class name="google.test.GoogleLoginPageTest">
        <test-method status="PASS" signature="setUp()[pri:0, instance:google.test.GoogleLoginPageTest@7cf10a6f]" name="setUp" is-config="true" duration-ms="3752" started-at="2023-07-28T13:58:07Z" finished-at="2023-07-28T13:58:10Z">
          <reporter-output>
          </reporter-output>
        </test-method> <!-- setUp -->
        <test-method status="PASS" signature="verifyPageTitleAndURL()[pri:0, instance:google.test.GoogleLoginPageTest@7cf10a6f]" name="verifyPageTitleAndURL" duration-ms="12" started-at="2023-07-28T13:58:10Z" finished-at="2023-07-28T13:58:10Z">
          <reporter-output>
          </reporter-output>
        </test-method> <!-- verifyPageTitleAndURL -->
        <test-method status="PASS" signature="tearDown()[pri:0, instance:google.test.GoogleLoginPageTest@7cf10a6f]" name="tearDown" is-config="true" duration-ms="1224" started-at="2023-07-28T13:58:10Z" finished-at="2023-07-28T13:58:12Z">
          <reporter-output>
          </reporter-output>
        </test-method> <!-- tearDown -->
      </class> <!-- google.test.GoogleLoginPageTest -->
    </test> <!-- Default test -->
  </suite> <!-- Default suite -->
</testng-results>
